04:48:15: Creating resource group General
04:48:15: Creating resource group Internal
04:48:15: Creating resource group Autodetect
04:48:15: SceneManagerFactory for type 'DefaultSceneManager' registered.
04:48:16: Registering ResourceManager for type Material
04:48:16: Registering ResourceManager for type Mesh
04:48:16: Registering ResourceManager for type Skeleton
04:48:16: MovableObjectFactory for type 'ParticleSystem' registered.
04:48:16: OverlayElementFactory for type Panel registered.
04:48:16: OverlayElementFactory for type BorderPanel registered.
04:48:16: OverlayElementFactory for type TextArea registered.
04:48:16: Registering ResourceManager for type Font
04:48:16: ArchiveFactory for archive type FileSystem registered.
04:48:16: ArchiveFactory for archive type Zip registered.
04:48:16: FreeImage version: 3.10.0
04:48:16: This program uses FreeImage, a free, open source image library supporting all common bitmap formats. See http://freeimage.sourceforge.net for details
04:48:16: Supported formats: bmp,ico,jpg,jif,jpeg,jpe,jng,koa,iff,lbm,mng,pbm,pbm,pcd,pcx,pgm,pgm,png,ppm,ppm,ras,tga,targa,tif,tiff,wap,wbmp,wbm,psd,cut,xbm,xpm,gif,hdr,g3,sgi,exr,j2k,j2c,jp2
04:48:16: DDS codec registering
04:48:16: Registering ResourceManager for type HighLevelGpuProgram
04:48:16: Registering ResourceManager for type Compositor
04:48:16: MovableObjectFactory for type 'Entity' registered.
04:48:16: MovableObjectFactory for type 'Light' registered.
04:48:16: MovableObjectFactory for type 'BillboardSet' registered.
04:48:16: MovableObjectFactory for type 'ManualObject' registered.
04:48:16: MovableObjectFactory for type 'BillboardChain' registered.
04:48:16: MovableObjectFactory for type 'RibbonTrail' registered.
04:48:16: OGRE EXCEPTION(6:FileNotFoundException): 'plugins.cfg' file not found! in ConfigFile::load at ..\src\OgreConfigFile.cpp (line 84)
04:48:16: plugins.cfg not found, automatic plugin loading disabled.
04:48:16: *-*-* OGRE Initialising
04:48:16: *-*-* Version 1.6.0 (Shoggoth)
04:48:16: OGRE EXCEPTION(6:FileNotFoundException): 'resources.cfg' file not found! in ConfigFile::load at ..\src\OgreConfigFile.cpp (line 84)
